<?xml version="1.0" encoding="UTF-8"?>
<testng-results ignored="0" total="1" passed="1" failed="0" skipped="0">
  <reporter-output>
    <line>
      <![CDATA[Setting up reports and Test is getting ready]]>
    </line>
    <line>
      <![CDATA[Settings Done - Test can be started]]>
    </line>
    <line>
      <![CDATA[Start Browser]]>
    </line>
    <line>
      <![CDATA[Browser ready]]>
    </line>
    <line>
      <![CDATA[Test will end now]]>
    </line>
    <line>
      <![CDATA[Test Completed. Reports Generated]]>
    </line>
  </reporter-output>
  <suite started-at="2022-12-29T20:05:32Z" name="Suite" finished-at="2022-12-29T20:05:45Z" duration-ms="12889">
    <groups>
    </groups>
    <test started-at="2022-12-29T20:05:32Z" name="Test" finished-at="2022-12-29T20:05:45Z" duration-ms="12889">
      <class name="com.automation.testcases.Login">
        <test-method is-config="true" signature="setUpSuite()[pri:0, instance:com.automation.testcases.Login@60df60da]" started-at="2022-12-29T20:05:30Z" name="setUpSuite" finished-at="2022-12-29T20:05:32Z" duration-ms="2028" status="PASS">
          <reporter-output>
            <line>
              <![CDATA[Setting up reports and Test is getting ready]]>
            </line>
            <line>
              <![CDATA[Settings Done - Test can be started]]>
            </line>
          </reporter-output>
        </test-method> <!-- setUpSuite -->
        <test-method is-config="true" signature="setUp()[pri:0, instance:com.automation.testcases.Login@60df60da]" started-at="2022-12-29T20:05:32Z" name="setUp" finished-at="2022-12-29T20:05:39Z" duration-ms="6483" status="PASS">
          <reporter-output>
            <line>
              <![CDATA[Start Browser]]>
            </line>
            <line>
              <![CDATA[Browser ready]]>
            </line>
          </reporter-output>
        </test-method> <!-- setUp -->
        <test-method signature="loginApp()[pri:0, instance:com.automation.testcases.Login@60df60da]" started-at="2022-12-29T20:05:39Z" name="loginApp" finished-at="2022-12-29T20:05:44Z" duration-ms="5067" status="PASS">
          <reporter-output>
          </reporter-output>
        </test-method> <!-- loginApp -->
        <test-method is-config="true" signature="tearDownMethod(org.testng.ITestResult)[pri:0, instance:com.automation.testcases.Login@60df60da]" started-at="2022-12-29T20:05:44Z" name="tearDownMethod" finished-at="2022-12-29T20:05:45Z" duration-ms="800" status="PASS">
          <params>
            <param index="0">
              <value>
                <![CDATA[[TestResult name=loginApp status=SUCCESS method=Login.loginApp()[pri:0, instance:com.automation.testcases.Login@60df60da] output={null}]]]>
              </value>
            </param>
          </params>
          <reporter-output>
            <line>
              <![CDATA[Test will end now]]>
            </line>
            <line>
              <![CDATA[Test Completed. Reports Generated]]>
            </line>
          </reporter-output>
        </test-method> <!-- tearDownMethod -->
        <test-method is-config="true" signature="tearDown()[pri:0, instance:com.automation.testcases.Login@60df60da]" started-at="2022-12-29T20:05:45Z" name="tearDown" finished-at="2022-12-29T20:05:45Z" duration-ms="500" status="PASS">
          <reporter-output>
          </reporter-output>
        </test-method> <!-- tearDown -->
      </class> <!-- com.automation.testcases.Login -->
    </test> <!-- Test -->
  </suite> <!-- Suite -->
</testng-results>
